<?xml version="1.0" encoding="UTF-8"?>
<testsuite xmlns:xsi="http://www.w3.org/2001/XMLSchema-instance"
           xsi:noNamespaceSchemaLocation="https://maven.apache.org/surefire/maven-surefire-plugin/xsd/surefire-test-report.xsd"
           name="com.gateWay.AppTest" time="0.036" tests="1" errors="0" skipped="0" failures="0">
    <properties>
        <property name="sun.desktop" value="windows"/>
        <property name="awt.toolkit" value="sun.awt.windows.WToolkit"/>
        <property name="file.encoding.pkg" value="sun.io"/>
        <property name="java.specification.version" value="1.8"/>
        <property name="sun.cpu.isalist" value="amd64"/>
        <property name="sun.jnu.encoding" value="GBK"/>
        <property name="java.class.path"
                  value="C:\Users\curek\IdeaProjects\Renewable_Power\gateway\target\test-classes;C:\Users\curek\IdeaProjects\Renewable_Power\gateway\target\classes;C:\Users\curek\.m2\repository\junit\junit\4.11\junit-4.11.jar;C:\Users\curek\.m2\repository\org\hamcrest\hamcrest-core\1.3\hamcrest-core-1.3.jar;C:\Users\curek\.m2\repository\org\springframework\spring-webmvc\4.0.3.RELEASE\spring-webmvc-4.0.3.RELEASE.jar;C:\Users\curek\.m2\repository\org\springframework\spring-beans\4.0.3.RELEASE\spring-beans-4.0.3.RELEASE.jar;C:\Users\curek\.m2\repository\org\springframework\spring-context\4.0.3.RELEASE\spring-context-4.0.3.RELEASE.jar;C:\Users\curek\.m2\repository\org\springframework\spring-aop\4.0.3.RELEASE\spring-aop-4.0.3.RELEASE.jar;C:\Users\curek\.m2\repository\aopalliance\aopalliance\1.0\aopalliance-1.0.jar;C:\Users\curek\.m2\repository\org\springframework\spring-core\4.0.3.RELEASE\spring-core-4.0.3.RELEASE.jar;C:\Users\curek\.m2\repository\commons-logging\commons-logging\1.1.3\commons-logging-1.1.3.jar;C:\Users\curek\.m2\repository\org\springframework\spring-expression\4.0.3.RELEASE\spring-expression-4.0.3.RELEASE.jar;C:\Users\curek\.m2\repository\org\springframework\spring-web\4.0.3.RELEASE\spring-web-4.0.3.RELEASE.jar;C:\Users\curek\.m2\repository\org\springframework\spring-oxm\4.0.3.RELEASE\spring-oxm-4.0.3.RELEASE.jar;C:\Users\curek\.m2\repository\org\springframework\spring-jdbc\4.0.3.RELEASE\spring-jdbc-4.0.3.RELEASE.jar;C:\Users\curek\.m2\repository\org\springframework\spring-tx\4.0.3.RELEASE\spring-tx-4.0.3.RELEASE.jar;C:\Users\curek\.m2\repository\org\springframework\spring-test\4.0.3.RELEASE\spring-test-4.0.3.RELEASE.jar;C:\Users\curek\.m2\repository\org\aspectj\aspectjweaver\1.7.3\aspectjweaver-1.7.3.jar;C:\Users\curek\.m2\repository\org\aspectj\aspectjrt\1.6.11\aspectjrt-1.6.11.jar;C:\Users\curek\.m2\repository\org\mybatis\mybatis-spring\1.3.0\mybatis-spring-1.3.0.jar;C:\Users\curek\.m2\repository\org\mybatis\mybatis\3.4.1\mybatis-3.4.1.jar;C:\Users\curek\.m2\repository\org\apache\commons\commons-lang3\3.5\commons-lang3-3.5.jar;C:\Users\curek\.m2\repository\commons-net\commons-net\3.1\commons-net-3.1.jar;C:\Users\curek\.m2\repository\org\projectlombok\lombok\1.18.6\lombok-1.18.6.jar;C:\Users\curek\.m2\repository\ch\qos\logback\logback-classic\1.1.2\logback-classic-1.1.2.jar;C:\Users\curek\.m2\repository\org\slf4j\slf4j-api\1.7.6\slf4j-api-1.7.6.jar;C:\Users\curek\.m2\repository\ch\qos\logback\logback-core\1.1.2\logback-core-1.1.2.jar;C:\Users\curek\.m2\repository\org\codehaus\jackson\jackson-mapper-asl\1.9.12\jackson-mapper-asl-1.9.12.jar;C:\Users\curek\.m2\repository\org\codehaus\jackson\jackson-core-asl\1.9.12\jackson-core-asl-1.9.12.jar;C:\Users\curek\.m2\repository\redis\clients\jedis\2.9.2\jedis-2.9.2.jar;C:\Users\curek\.m2\repository\org\apache\commons\commons-pool2\2.4.3\commons-pool2-2.4.3.jar;C:\Users\curek\.m2\repository\com\google\guava\guava\20.0\guava-20.0.jar;C:\Users\curek\.m2\repository\joda-time\joda-time\2.3\joda-time-2.3.jar;C:\Users\curek\.m2\repository\commons-dbcp\commons-dbcp\1.4\commons-dbcp-1.4.jar;C:\Users\curek\.m2\repository\commons-pool\commons-pool\1.5.4\commons-pool-1.5.4.jar;C:\Users\curek\.m2\repository\com\github\pagehelper\pagehelper\4.1.0\pagehelper-4.1.0.jar;C:\Users\curek\.m2\repository\com\github\jsqlparser\jsqlparser\0.9.4\jsqlparser-0.9.4.jar;"/>
        <property name="java.vm.vendor" value="Oracle Corporation"/>
        <property name="sun.arch.data.model" value="64"/>
        <property name="user.variant" value=""/>
        <property name="java.vendor.url" value="http://java.oracle.com/"/>
        <property name="user.timezone" value="Asia/Shanghai"/>
        <property name="java.vm.specification.version" value="1.8"/>
        <property name="os.name" value="Windows 10"/>
        <property name="user.country" value="US"/>
        <property name="sun.java.launcher" value="SUN_STANDARD"/>
        <property name="sun.boot.library.path" value="C:\Program Files\Java\jdk1.8.0_172\jre\bin"/>
        <property name="sun.java.command"
                  value="C:\Users\curek\AppData\Local\Temp\surefire7978202921699468649\surefirebooter2112947389128674980.jar C:\Users\curek\AppData\Local\Temp\surefire7978202921699468649 2019-02-21T10-34-40_401-jvmRun1 surefire7369250124564186708tmp surefire_0176778423515786422tmp"/>
        <property name="surefire.test.class.path"
                  value="C:\Users\curek\IdeaProjects\Renewable_Power\gateway\target\test-classes;C:\Users\curek\IdeaProjects\Renewable_Power\gateway\target\classes;C:\Users\curek\.m2\repository\junit\junit\4.11\junit-4.11.jar;C:\Users\curek\.m2\repository\org\hamcrest\hamcrest-core\1.3\hamcrest-core-1.3.jar;C:\Users\curek\.m2\repository\org\springframework\spring-webmvc\4.0.3.RELEASE\spring-webmvc-4.0.3.RELEASE.jar;C:\Users\curek\.m2\repository\org\springframework\spring-beans\4.0.3.RELEASE\spring-beans-4.0.3.RELEASE.jar;C:\Users\curek\.m2\repository\org\springframework\spring-context\4.0.3.RELEASE\spring-context-4.0.3.RELEASE.jar;C:\Users\curek\.m2\repository\org\springframework\spring-aop\4.0.3.RELEASE\spring-aop-4.0.3.RELEASE.jar;C:\Users\curek\.m2\repository\aopalliance\aopalliance\1.0\aopalliance-1.0.jar;C:\Users\curek\.m2\repository\org\springframework\spring-core\4.0.3.RELEASE\spring-core-4.0.3.RELEASE.jar;C:\Users\curek\.m2\repository\commons-logging\commons-logging\1.1.3\commons-logging-1.1.3.jar;C:\Users\curek\.m2\repository\org\springframework\spring-expression\4.0.3.RELEASE\spring-expression-4.0.3.RELEASE.jar;C:\Users\curek\.m2\repository\org\springframework\spring-web\4.0.3.RELEASE\spring-web-4.0.3.RELEASE.jar;C:\Users\curek\.m2\repository\org\springframework\spring-oxm\4.0.3.RELEASE\spring-oxm-4.0.3.RELEASE.jar;C:\Users\curek\.m2\repository\org\springframework\spring-jdbc\4.0.3.RELEASE\spring-jdbc-4.0.3.RELEASE.jar;C:\Users\curek\.m2\repository\org\springframework\spring-tx\4.0.3.RELEASE\spring-tx-4.0.3.RELEASE.jar;C:\Users\curek\.m2\repository\org\springframework\spring-test\4.0.3.RELEASE\spring-test-4.0.3.RELEASE.jar;C:\Users\curek\.m2\repository\org\aspectj\aspectjweaver\1.7.3\aspectjweaver-1.7.3.jar;C:\Users\curek\.m2\repository\org\aspectj\aspectjrt\1.6.11\aspectjrt-1.6.11.jar;C:\Users\curek\.m2\repository\org\mybatis\mybatis-spring\1.3.0\mybatis-spring-1.3.0.jar;C:\Users\curek\.m2\repository\org\mybatis\mybatis\3.4.1\mybatis-3.4.1.jar;C:\Users\curek\.m2\repository\org\apache\commons\commons-lang3\3.5\commons-lang3-3.5.jar;C:\Users\curek\.m2\repository\commons-net\commons-net\3.1\commons-net-3.1.jar;C:\Users\curek\.m2\repository\org\projectlombok\lombok\1.18.6\lombok-1.18.6.jar;C:\Users\curek\.m2\repository\ch\qos\logback\logback-classic\1.1.2\logback-classic-1.1.2.jar;C:\Users\curek\.m2\repository\org\slf4j\slf4j-api\1.7.6\slf4j-api-1.7.6.jar;C:\Users\curek\.m2\repository\ch\qos\logback\logback-core\1.1.2\logback-core-1.1.2.jar;C:\Users\curek\.m2\repository\org\codehaus\jackson\jackson-mapper-asl\1.9.12\jackson-mapper-asl-1.9.12.jar;C:\Users\curek\.m2\repository\org\codehaus\jackson\jackson-core-asl\1.9.12\jackson-core-asl-1.9.12.jar;C:\Users\curek\.m2\repository\redis\clients\jedis\2.9.2\jedis-2.9.2.jar;C:\Users\curek\.m2\repository\org\apache\commons\commons-pool2\2.4.3\commons-pool2-2.4.3.jar;C:\Users\curek\.m2\repository\com\google\guava\guava\20.0\guava-20.0.jar;C:\Users\curek\.m2\repository\joda-time\joda-time\2.3\joda-time-2.3.jar;C:\Users\curek\.m2\repository\commons-dbcp\commons-dbcp\1.4\commons-dbcp-1.4.jar;C:\Users\curek\.m2\repository\commons-pool\commons-pool\1.5.4\commons-pool-1.5.4.jar;C:\Users\curek\.m2\repository\com\github\pagehelper\pagehelper\4.1.0\pagehelper-4.1.0.jar;C:\Users\curek\.m2\repository\com\github\jsqlparser\jsqlparser\0.9.4\jsqlparser-0.9.4.jar;"/>
        <property name="sun.cpu.endian" value="little"/>
        <property name="user.home" value="C:\Users\curek"/>
        <property name="user.language" value="en"/>
        <property name="java.specification.vendor" value="Oracle Corporation"/>
        <property name="java.home" value="C:\Program Files\Java\jdk1.8.0_172\jre"/>
        <property name="basedir" value="C:\Users\curek\IdeaProjects\Renewable_Power\gateway"/>
        <property name="file.separator" value="\"/>
        <property name="line.separator" value="&#10;"/>
        <property name="java.vm.specification.vendor" value="Oracle Corporation"/>
        <property name="java.specification.name" value="Java Platform API Specification"/>
        <property name="java.awt.graphicsenv" value="sun.awt.Win32GraphicsEnvironment"/>
        <property name="surefire.real.class.path"
                  value="C:\Users\curek\AppData\Local\Temp\surefire7978202921699468649\surefirebooter2112947389128674980.jar"/>
        <property name="sun.boot.class.path"
                  value="C:\Program Files\Java\jdk1.8.0_172\jre\lib\resources.jar;C:\Program Files\Java\jdk1.8.0_172\jre\lib\rt.jar;C:\Program Files\Java\jdk1.8.0_172\jre\lib\sunrsasign.jar;C:\Program Files\Java\jdk1.8.0_172\jre\lib\jsse.jar;C:\Program Files\Java\jdk1.8.0_172\jre\lib\jce.jar;C:\Program Files\Java\jdk1.8.0_172\jre\lib\charsets.jar;C:\Program Files\Java\jdk1.8.0_172\jre\lib\jfr.jar;C:\Program Files\Java\jdk1.8.0_172\jre\classes"/>
        <property name="user.script" value=""/>
        <property name="sun.management.compiler" value="HotSpot 64-Bit Tiered Compilers"/>
        <property name="java.runtime.version" value="1.8.0_172-b11"/>
        <property name="user.name" value="curek"/>
        <property name="path.separator" value=";"/>
        <property name="os.version" value="10.0"/>
        <property name="java.endorsed.dirs" value="C:\Program Files\Java\jdk1.8.0_172\jre\lib\endorsed"/>
        <property name="java.runtime.name" value="Java(TM) SE Runtime Environment"/>
        <property name="file.encoding" value="GBK"/>
        <property name="java.vm.name" value="Java HotSpot(TM) 64-Bit Server VM"/>
        <property name="localRepository" value="C:\Users\curek\.m2\repository"/>
        <property name="java.vendor.url.bug" value="http://bugreport.sun.com/bugreport/"/>
        <property name="java.io.tmpdir" value="C:\Users\curek\AppData\Local\Temp\"/>
        <property name="idea.version" value="2018.2.1"/>
        <property name="java.version" value="1.8.0_172"/>
        <property name="user.dir" value="C:\Users\curek\IdeaProjects\Renewable_Power\gateway"/>
        <property name="os.arch" value="amd64"/>
        <property name="java.vm.specification.name" value="Java Virtual Machine Specification"/>
        <property name="java.awt.printerjob" value="sun.awt.windows.WPrinterJob"/>
        <property name="sun.os.patch.level" value=""/>
        <property name="java.library.path"
                  value="C:\Program Files\Java\jdk1.8.0_172\jre\bin;C:\WINDOWS\Sun\Java\bin;C:\WINDOWS\system32;C:\WINDOWS;C:\Program Files (x86)\Common Files\Oracle\Java\javapath;C:\WINDOWS\system32;C:\WINDOWS;C:\WINDOWS\System32\Wbem;C:\WINDOWS\System32\WindowsPowerShell\v1.0\;C:\WINDOWS\System32\OpenSSH\;C:\Program Files\PuTTY\;C:\Program Files\Java\jdk1.8.0_172\bin;C:\Program Files\Java\jdk1.8.0_172\jre\bin;C:\Go\bin;C:\Program Files (x86)\nvm;C:\Program Files\nodejs;C:\Program Files (x86)\nvm\v10.5.0;C:\Program Files\Git\cmd;C:\Program Files\TortoiseSVN\bin;C:\Program Files\Sublime Text 3;C:\wamp\bin\php\php5.5.12;C:\wamp\bin\mysql\mysql5.6.17\bin;C:\Program Files (x86)\Universal Extractor;C:\Program Files (x86)\Universal Extractor\bin;C:\apache-maven-3.0.5\bin;;C:\Program Files (x86)\NVIDIA Corporation\PhysX\Common;C:\Program Files\NVIDIA Corporation\NVIDIA NvDLISR;C:\Program Files (x86)\Common Files\Thunder Network\KanKan\Codecs;C:\Users\curek\AppData\Local\Microsoft\WindowsApps;C:\Program Files (x86)\nvm;C:\Program Files\nodejs;C:\Users\curek\AppData\Roaming\npm;;."/>
        <property name="java.vm.info" value="mixed mode"/>
        <property name="java.vendor" value="Oracle Corporation"/>
        <property name="java.vm.version" value="25.172-b11"/>
        <property name="java.ext.dirs"
                  value="C:\Program Files\Java\jdk1.8.0_172\jre\lib\ext;C:\WINDOWS\Sun\Java\lib\ext"/>
        <property name="sun.io.unicode.encoding" value="UnicodeLittle"/>
        <property name="java.class.version" value="52.0"/>
    </properties>
    <testcase name="shouldAnswerWithTrue" classname="com.gateWay.AppTest" time="0.002"/>
</testsuite>